<?xml version="1.0" encoding="UTF-8"?>
<!-- Generated by org.testng.reporters.JUnitReportReporter -->
<testsuite hostname="DESKTOP-30FQTRI" failures="0" tests="1" name="testNGExecution.Test2" time="19.171" errors="0" timestamp="2023-07-18T15:08:43 IST" skipped="0">
  <testcase classname="testNGExecution.Test2" name="method1" time="19.171"/>
</testsuite> <!-- testNGExecution.Test2 -->
