<?xml version="1.0" encoding="UTF-8"?>
<!-- Generated by org.testng.reporters.JUnitReportReporter -->
<testsuite hostname="DESKTOP-30FQTRI" failures="0" tests="3" name="TestNGAnnotations_Flags.GoogleSearchTestCase" time="24.035" errors="0" timestamp="2023-07-20T15:18:03 IST" skipped="0">
  <testcase classname="TestNGAnnotations_Flags.GoogleSearchTestCase" name="search3" time="7.305"/>
  <testcase classname="TestNGAnnotations_Flags.GoogleSearchTestCase" name="search2" time="7.626"/>
  <testcase classname="TestNGAnnotations_Flags.GoogleSearchTestCase" name="search1" time="9.104"/>
</testsuite> <!-- TestNGAnnotations_Flags.GoogleSearchTestCase -->
