<?xml version="1.0" encoding="UTF-8"?>
<!-- Generated by org.testng.reporters.JUnitReportReporter -->
<testsuite hostname="DESKTOP-30FQTRI" failures="0" tests="1" name="testNG.Demo" time="12.181" errors="0" timestamp="2023-07-17T14:55:00 IST" skipped="0">
  <testcase classname="testNG.Demo" name="method1" time="12.181">
    <system-out>
      <![CDATA[hello world]]>
    </system-out>
  </testcase> <!-- method1 -->
  <system-out>
    <![CDATA[hello world
hello world
hello world]]>
  </system-out>
</testsuite> <!-- testNG.Demo -->
