<?xml version="1.0" encoding="UTF-8"?>
<!-- Generated by org.testng.reporters.JUnitReportReporter -->
<testsuite hostname="DESKTOP-30FQTRI" failures="0" tests="2" name="TestNGAnnotations_Flags.Flag1" time="0.041" errors="0" timestamp="2023-07-20T15:34:30 IST" skipped="0">
  <testcase classname="TestNGAnnotations_Flags.Flag1" name="method1" time="0.033">
    <system-out>
      <![CDATA[method1 from flag1]]>
    </system-out>
  </testcase> <!-- method1 -->
  <testcase classname="TestNGAnnotations_Flags.Flag1" name="method2" time="0.008">
    <system-out>
      <![CDATA[method1 from flag2]]>
    </system-out>
  </testcase> <!-- method2 -->
  <system-out>
    <![CDATA[method1 from flag1
method1 from flag2]]>
  </system-out>
</testsuite> <!-- TestNGAnnotations_Flags.Flag1 -->
