<?xml version="1.0" encoding="UTF-8"?>
<!-- Generated by org.testng.reporters.JUnitReportReporter -->
<testsuite hostname="DESKTOP-30FQTRI" failures="0" tests="2" name="TestNGAnnotations_Flags.Flag2" time="0.020" errors="0" timestamp="2023-07-20T15:31:20 IST" skipped="0">
  <testcase classname="TestNGAnnotations_Flags.Flag2" name="method1" time="0.016">
    <system-out>
      <![CDATA[method1 from flag2]]>
    </system-out>
  </testcase> <!-- method1 -->
  <testcase classname="TestNGAnnotations_Flags.Flag2" name="method2" time="0.004">
    <system-out>
      <![CDATA[metho2 from flag2]]>
    </system-out>
  </testcase> <!-- method2 -->
  <system-out>
    <![CDATA[method1 from flag2
metho2 from flag2]]>
  </system-out>
</testsuite> <!-- TestNGAnnotations_Flags.Flag2 -->
