<?xml version="1.0" encoding="UTF-8"?>
<!-- Generated by org.testng.reporters.JUnitReportReporter -->
<testsuite hostname="DESKTOP-30FQTRI" failures="0" tests="2" name="TestNg2.Demo2" time="0.022" errors="0" timestamp="2023-07-17T15:18:03 IST" skipped="0">
  <testcase classname="TestNg2.Demo2" name="method4" time="0.008">
    <system-out>
      <![CDATA[This is method4]]>
    </system-out>
  </testcase> <!-- method4 -->
  <testcase classname="TestNg2.Demo2" name="method3" time="0.014">
    <system-out>
      <![CDATA[This is method3]]>
    </system-out>
  </testcase> <!-- method3 -->
  <system-out>
    <![CDATA[This is method1
This is method2
This is method5
This is method3
This is method4]]>
  </system-out>
</testsuite> <!-- TestNg2.Demo2 -->
