<?xml version="1.0" encoding="UTF-8"?>
<!-- Generated by org.testng.reporters.JUnitReportReporter -->
<testsuite hostname="DESKTOP-30FQTRI" failures="0" tests="2" name="TestNg2.Demo1" time="0.019" errors="0" timestamp="2023-07-17T15:18:03 IST" skipped="0">
  <testcase classname="TestNg2.Demo1" name="method1" time="0.017">
    <system-out>
      <![CDATA[This is method1]]>
    </system-out>
  </testcase> <!-- method1 -->
  <testcase classname="TestNg2.Demo1" name="method2" time="0.002">
    <system-out>
      <![CDATA[This is method2]]>
    </system-out>
  </testcase> <!-- method2 -->
  <system-out>
    <![CDATA[This is method1
This is method2
This is method5
This is method3
This is method4]]>
  </system-out>
</testsuite> <!-- TestNg2.Demo1 -->
