<?xml version="1.0" encoding="UTF-8"?>
<!-- Generated by org.testng.reporters.JUnitReportReporter -->
<testsuite hostname="DESKTOP-30FQTRI" failures="0" tests="1" name="TestNg2.Demo3" time="0.025" errors="0" timestamp="2023-07-17T15:22:07 IST" skipped="0">
  <testcase classname="TestNg2.Demo3" name="method6" time="0.025">
    <system-out>
      <![CDATA[This is method6]]>
    </system-out>
  </testcase> <!-- method6 -->
  <system-out>
    <![CDATA[This is method6]]>
  </system-out>
</testsuite> <!-- TestNg2.Demo3 -->
