<?xml version="1.0" encoding="UTF-8"?>
<!-- Generated by org.testng.reporters.JUnitReportReporter -->
<testsuite hostname="DESKTOP-30FQTRI" failures="0" tests="1" name="testNGExecution.AssertionInTestNG" time="10.200" errors="0" timestamp="2023-07-24T16:03:14 IST" skipped="0">
  <testcase classname="testNGExecution.AssertionInTestNG" name="Assetion" time="10.200"/>
</testsuite> <!-- testNGExecution.AssertionInTestNG -->
