<?xml version="1.0" encoding="UTF-8"?>
<!-- Generated by org.testng.reporters.JUnitReportReporter -->
<testsuite hostname="DESKTOP-30FQTRI" failures="0" tests="2" name="testNGExecution.SelectBrowser" time="15.024" errors="0" timestamp="2023-07-19T15:13:32 IST" skipped="0">
  <testcase classname="testNGExecution.SelectBrowser" name="chromemethod" time="10.754"/>
  <testcase classname="testNGExecution.SelectBrowser" name="chromemethod" time="4.270"/>
</testsuite> <!-- testNGExecution.SelectBrowser -->
