<?xml version="1.0" encoding="UTF-8"?>
<!-- Generated by org.testng.reporters.JUnitReportReporter -->
<testsuite hostname="DESKTOP-30FQTRI" failures="0" tests="1" name="testNG.sumo" time="14.902" errors="0" timestamp="2023-07-17T14:55:00 IST" skipped="0">
  <testcase classname="testNG.sumo" name="method3" time="14.902">
    <system-out>
      <![CDATA[hello world]]>
    </system-out>
  </testcase> <!-- method3 -->
  <system-out>
    <![CDATA[hello world
hello world
hello world]]>
  </system-out>
</testsuite> <!-- testNG.sumo -->
