<?xml version="1.0" encoding="UTF-8"?>
<!-- Generated by org.testng.reporters.JUnitReportReporter -->
<testsuite hostname="DESKTOP-30FQTRI" failures="0" tests="2" name="testNGExecution.TestMethod1" time="0.067" errors="0" timestamp="2023-07-18T15:28:16 IST" skipped="0">
  <testcase classname="testNGExecution.TestMethod1" name="testmethod2" time="0.040">
    <system-out>
      <![CDATA[thread id of testmethod1:20]]>
    </system-out>
  </testcase> <!-- testmethod2 -->
  <testcase classname="testNGExecution.TestMethod1" name="testmethod1" time="0.027">
    <system-out>
      <![CDATA[thread id of testmethod1:19]]>
    </system-out>
  </testcase> <!-- testmethod1 -->
  <system-out>
    <![CDATA[thread id of testmethod1:19
thread id of testmethod1:23
thread id of testmethod1:21
thread id of testmethod1:20
thread id of testmethod1:22
thread id of testmethod1:23]]>
  </system-out>
</testsuite> <!-- testNGExecution.TestMethod1 -->
