<?xml version="1.0" encoding="UTF-8"?>
<!-- Generated by org.testng.reporters.JUnitReportReporter -->
<testsuite hostname="DESKTOP-30FQTRI" failures="0" tests="2" name="testNGExecution.TestMethod2" time="0.035" errors="0" timestamp="2023-07-18T15:28:16 IST" skipped="0">
  <testcase classname="testNGExecution.TestMethod2" name="testmethod3" time="0.033">
    <system-out>
      <![CDATA[thread id of testmethod1:23]]>
    </system-out>
  </testcase> <!-- testmethod3 -->
  <testcase classname="testNGExecution.TestMethod2" name="testmethod4" time="0.002">
    <system-out>
      <![CDATA[thread id of testmethod1:23]]>
    </system-out>
  </testcase> <!-- testmethod4 -->
  <system-out>
    <![CDATA[thread id of testmethod1:19
thread id of testmethod1:23
thread id of testmethod1:21
thread id of testmethod1:20
thread id of testmethod1:22
thread id of testmethod1:23]]>
  </system-out>
</testsuite> <!-- testNGExecution.TestMethod2 -->
