<?xml version="1.0" encoding="UTF-8"?>
<!-- Generated by org.testng.reporters.JUnitReportReporter -->
<testsuite hostname="DESKTOP-30FQTRI" failures="0" tests="2" name="testNGExecution.TestMethod3" time="0.093" errors="0" timestamp="2023-07-18T15:28:16 IST" skipped="0">
  <testcase classname="testNGExecution.TestMethod3" name="testmethod5" time="0.037">
    <system-out>
      <![CDATA[thread id of testmethod1:21]]>
    </system-out>
  </testcase> <!-- testmethod5 -->
  <testcase classname="testNGExecution.TestMethod3" name="testmethod6" time="0.056">
    <system-out>
      <![CDATA[thread id of testmethod1:22]]>
    </system-out>
  </testcase> <!-- testmethod6 -->
  <system-out>
    <![CDATA[thread id of testmethod1:19
thread id of testmethod1:23
thread id of testmethod1:21
thread id of testmethod1:20
thread id of testmethod1:22
thread id of testmethod1:23]]>
  </system-out>
</testsuite> <!-- testNGExecution.TestMethod3 -->
